# JRE version: Java(TM) SE Runtime Environment (8.0_25-b17) (build 1.8.0_25-b17)
# Java VM: Java HotSpot(TM) 64-Bit Server VM (25.25-b02 mixed mode bsd-amd64 compressed oops)
Heap:
 PSYoungGen      total 117760K, used 56663K [0x000000076ab00000, 0x0000000773f00000, 0x00000007c0000000)
  eden space 107520K, 43% used [0x000000076ab00000,0x000000076d8996e8,0x0000000771400000)
  from space 10240K, 97% used [0x0000000773500000,0x0000000773ebc650,0x0000000773f00000)
  to   space 11264K, 0% used [0x0000000772900000,0x0000000772900000,0x0000000773400000)
 ParOldGen       total 94720K, used 7518K [0x00000006c0000000, 0x00000006c5c80000, 0x000000076ab00000)
  object space 94720K, 7% used [0x00000006c0000000,0x00000006c0757940,0x00000006c5c80000)
 Metaspace       used 30611K, capacity 30884K, committed 31152K, reserved 1077248K
  class space    used 3839K, capacity 3930K, committed 4016K, reserved 1048576K
GC Heap History (10 events):
Event: 4.559 GC heap before
{Heap before GC invocations=3 (full 0):
 PSYoungGen      total 76288K, used 70204K [0x000000076ab00000, 0x0000000774000000, 0x00000007c0000000)
  eden space 65536K, 100% used [0x000000076ab00000,0x000000076eb00000,0x000000076eb00000)
  from space 10752K, 43% used [0x000000076f580000,0x000000076fa0f288,0x0000000770000000)
  to   space 10752K, 0% used [0x000000076eb00000,0x000000076eb00000,0x000000076f580000)
 ParOldGen       total 175104K, used 96K [0x00000006c0000000, 0x00000006cab00000, 0x000000076ab00000)
  object space 175104K, 0% used [0x00000006c0000000,0x00000006c0018010,0x00000006cab00000)
 Metaspace       used 16249K, capacity 16426K, committed 16768K, reserved 1064960K
  class space    used 1991K, capacity 2049K, committed 2176K, reserved 1048576K
Event: 4.568 GC heap after
Heap after GC invocations=3 (full 0):
 PSYoungGen      total 76288K, used 7187K [0x000000076ab00000, 0x0000000770000000, 0x00000007c0000000)
  eden space 65536K, 0% used [0x000000076ab00000,0x000000076ab00000,0x000000076eb00000)
  from space 10752K, 66% used [0x000000076eb00000,0x000000076f204e80,0x000000076f580000)
  to   space 10752K, 0% used [0x000000076f580000,0x000000076f580000,0x0000000770000000)
 ParOldGen       total 175104K, used 104K [0x00000006c0000000, 0x00000006cab00000, 0x000000076ab00000)
  object space 175104K, 0% used [0x00000006c0000000,0x00000006c001a010,0x00000006cab00000)
 Metaspace       used 16249K, capacity 16426K, committed 16768K, reserved 1064960K
  class space    used 1991K, capacity 2049K, committed 2176K, reserved 1048576K
}
Event: 6.074 GC heap before
{Heap before GC invocations=4 (full 0):
 PSYoungGen      total 76288K, used 72723K [0x000000076ab00000, 0x0000000770000000, 0x00000007c0000000)
  eden space 65536K, 100% used [0x000000076ab00000,0x000000076eb00000,0x000000076eb00000)
  from space 10752K, 66% used [0x000000076eb00000,0x000000076f204e80,0x000000076f580000)
  to   space 10752K, 0% used [0x000000076f580000,0x000000076f580000,0x0000000770000000)
 ParOldGen       total 175104K, used 104K [0x00000006c0000000, 0x00000006cab00000, 0x000000076ab00000)
  object space 175104K, 0% used [0x00000006c0000000,0x00000006c001a010,0x00000006cab00000)
 Metaspace       used 20554K, capacity 20776K, committed 20992K, reserved 1067008K
  class space    used 2483K, capacity 2518K, committed 2560K, reserved 1048576K
Event: 6.089 GC heap after
Heap after GC invocations=4 (full 0):
 PSYoungGen      total 76288K, used 9327K [0x000000076ab00000, 0x0000000770000000, 0x00000007c0000000)
  eden space 65536K, 0% used [0x000000076ab00000,0x000000076ab00000,0x000000076eb00000)
  from space 10752K, 86% used [0x000000076f580000,0x000000076fe9bfa0,0x0000000770000000)
  to   space 10752K, 0% used [0x000000076eb00000,0x000000076eb00000,0x000000076f580000)
 ParOldGen       total 175104K, used 112K [0x00000006c0000000, 0x00000006cab00000, 0x000000076ab00000)
  object space 175104K, 0% used [0x00000006c0000000,0x00000006c001c010,0x00000006cab00000)
 Metaspace       used 20554K, capacity 20776K, committed 20992K, reserved 1067008K
  class space    used 2483K, capacity 2518K, committed 2560K, reserved 1048576K
}
Event: 6.267 GC heap before
{Heap before GC invocations=5 (full 0):
 PSYoungGen      total 76288K, used 19309K [0x000000076ab00000, 0x0000000770000000, 0x00000007c0000000)
  eden space 65536K, 15% used [0x000000076ab00000,0x000000076b4bf678,0x000000076eb00000)
  from space 10752K, 86% used [0x000000076f580000,0x000000076fe9bfa0,0x0000000770000000)
  to   space 10752K, 0% used [0x000000076eb00000,0x000000076eb00000,0x000000076f580000)
 ParOldGen       total 175104K, used 112K [0x00000006c0000000, 0x00000006cab00000, 0x000000076ab00000)
  object space 175104K, 0% used [0x00000006c0000000,0x00000006c001c010,0x00000006cab00000)
 Metaspace       used 21041K, capacity 21160K, committed 21296K, reserved 1069056K
  class space    used 2549K, capacity 2582K, committed 2608K, reserved 1048576K
Event: 6.278 GC heap after
Heap after GC invocations=5 (full 0):
 PSYoungGen      total 76288K, used 7556K [0x000000076ab00000, 0x0000000773f00000, 0x00000007c0000000)
  eden space 65536K, 0% used [0x000000076ab00000,0x000000076ab00000,0x000000076eb00000)
  from space 10752K, 70% used [0x000000076eb00000,0x000000076f2612c0,0x000000076f580000)
  to   space 10240K, 0% used [0x0000000773500000,0x0000000773500000,0x0000000773f00000)
 ParOldGen       total 175104K, used 120K [0x00000006c0000000, 0x00000006cab00000, 0x000000076ab00000)
  object space 175104K, 0% used [0x00000006c0000000,0x00000006c001e010,0x00000006cab00000)
 Metaspace       used 21041K, capacity 21160K, committed 21296K, reserved 1069056K
  class space    used 2549K, capacity 2582K, committed 2608K, reserved 1048576K
}
Event: 6.278 GC heap before
{Heap before GC invocations=6 (full 1):
 PSYoungGen      total 76288K, used 7556K [0x000000076ab00000, 0x0000000773f00000, 0x00000007c0000000)
  eden space 65536K, 0% used [0x000000076ab00000,0x000000076ab00000,0x000000076eb00000)
  from space 10752K, 70% used [0x000000076eb00000,0x000000076f2612c0,0x000000076f580000)
  to   space 10240K, 0% used [0x0000000773500000,0x0000000773500000,0x0000000773f00000)
 ParOldGen       total 175104K, used 120K [0x00000006c0000000, 0x00000006cab00000, 0x000000076ab00000)
  object space 175104K, 0% used [0x00000006c0000000,0x00000006c001e010,0x00000006cab00000)
 Metaspace       used 21041K, capacity 21160K, committed 21296K, reserved 1069056K
  class space    used 2549K, capacity 2582K, committed 2608K, reserved 1048576K
Event: 6.338 GC heap after
Heap after GC invocations=6 (full 1):
 PSYoungGen      total 76288K, used 0K [0x000000076ab00000, 0x0000000773f00000, 0x00000007c0000000)
  eden space 65536K, 0% used [0x000000076ab00000,0x000000076ab00000,0x000000076eb00000)
  from space 10752K, 0% used [0x000000076eb00000,0x000000076eb00000,0x000000076f580000)
  to   space 10240K, 0% used [0x0000000773500000,0x0000000773500000,0x0000000773f00000)
 ParOldGen       total 94720K, used 7518K [0x00000006c0000000, 0x00000006c5c80000, 0x000000076ab00000)
  object space 94720K, 7% used [0x00000006c0000000,0x00000006c0757940,0x00000006c5c80000)
 Metaspace       used 21041K, capacity 21160K, committed 21296K, reserved 1069056K
  class space    used 2549K, capacity 2582K, committed 2608K, reserved 1048576K
}
Event: 7.616 GC heap before
{Heap before GC invocations=7 (full 1):
 PSYoungGen      total 76288K, used 65536K [0x000000076ab00000, 0x0000000773f00000, 0x00000007c0000000)
  eden space 65536K, 100% used [0x000000076ab00000,0x000000076eb00000,0x000000076eb00000)
  from space 10752K, 0% used [0x000000076eb00000,0x000000076eb00000,0x000000076f580000)
  to   space 10240K, 0% used [0x0000000773500000,0x0000000773500000,0x0000000773f00000)
 ParOldGen       total 94720K, used 7518K [0x00000006c0000000, 0x00000006c5c80000, 0x000000076ab00000)
  object space 94720K, 7% used [0x00000006c0000000,0x00000006c0757940,0x00000006c5c80000)
 Metaspace       used 26724K, capacity 26956K, committed 27312K, reserved 1073152K
  class space    used 3345K, capacity 3420K, committed 3504K, reserved 1048576K
Event: 7.627 GC heap after
Heap after GC invocations=7 (full 1):
 PSYoungGen      total 117760K, used 9969K [0x000000076ab00000, 0x0000000773f00000, 0x00000007c0000000)
  eden space 107520K, 0% used [0x000000076ab00000,0x000000076ab00000,0x0000000771400000)
  from space 10240K, 97% used [0x0000000773500000,0x0000000773ebc650,0x0000000773f00000)
  to   space 11264K, 0% used [0x0000000772900000,0x0000000772900000,0x0000000773400000)
 ParOldGen       total 94720K, used 7518K [0x00000006c0000000, 0x00000006c5c80000, 0x000000076ab00000)
  object space 94720K, 7% used [0x00000006c0000000,0x00000006c0757940,0x00000006c5c80000)
 Metaspace       used 26724K, capacity 26956K, committed 27312K, reserved 1073152K
  class space    used 3345K, capacity 3420K, committed 3504K, reserved 1048576K
}

